app/build/outputs/logs/manifest-merger-debug-report.txt
-- Merging decision tree log ---
manifest
ADDED from src\main\AndroidManifest.xml:2:1-189:12
	package
		ADDED from src\main\AndroidManifest.xml:3:5-46
		INJECTED from src\main\AndroidManifest.xml
		INJECTED from src\main\AndroidManifest.xml
	android:versionName
		ADDED from src\main\AndroidManifest.xml:5:5-32
		INJECTED from src\main\AndroidManifest.xml
		INJECTED from src\main\AndroidManifest.xml
	android:versionCode
		ADDED from src\main\AndroidManifest.xml:4:5-28
		INJECTED from src\main\AndroidManifest.xml
		INJECTED from src\main\AndroidManifest.xml
	xmlns:android
		ADDED from src\main\AndroidManifest.xml:2:11-69
uses-sdk
ADDED from src\main\AndroidManifest.xml:7:5-9:41
MERGED from [com.android.support:support-v4:25.2.0] AndroidManifest.xml:21:5-23:54
MERGED from [com.android.support:support-fragment:25.2.0] AndroidManifest.xml:21:5-23:60
MERGED from [com.android.support:support-media-compat:25.2.0] AndroidManifest.xml:21:5-23:63
MERGED from [com.android.support:support-core-ui:25.2.0] AndroidManifest.xml:21:5-23:58
MERGED from [com.android.support:support-core-utils:25.2.0] AndroidManifest.xml:21:5-23:61
MERGED from [com.android.support:support-compat:25.2.0] AndroidManifest.xml:21:5-23:58
	tools:overrideLibrary
		ADDED from [com.android.support:support-v4:25.2.0] AndroidManifest.xml:23:9-51
	android:targetSdkVersion
		ADDED from src\main\AndroidManifest.xml:9:9-38
		INJECTED from src\main\AndroidManifest.xml
		INJECTED from src\main\AndroidManifest.xml
	android:minSdkVersion
		ADDED from src\main\AndroidManifest.xml:8:9-35
		INJECTED from src\main\AndroidManifest.xml
		INJECTED from src\main\AndroidManifest.xml
uses-permission#android.permission.ACCESS_WIFI_STATE
ADDED from src\main\AndroidManifest.xml:12:5-75
	android:name
		ADDED from src\main\AndroidManifest.xml:12:22-73
uses-permission#android.permission.INTERNET
ADDED from src\main\AndroidManifest.xml:13:5-67
	android:name
		ADDED from src\main\AndroidManifest.xml:13:22-64
uses-permission#android.permission.CALL_PHONE
ADDED from src\main\AndroidManifest.xml:14:5-68
	android:name
		ADDED from src\main\AndroidManifest.xml:14:22-66
uses-permission#android.permission.READ_PHONE_STATE
ADDED from src\main\AndroidManifest.xml:15:6-75
	android:name
		ADDED from src\main\AndroidManifest.xml:15:23-73
application
ADDED from src\main\AndroidManifest.xml:17:5-187:19
MERGED from [com.android.support:support-v4:25.2.0] AndroidManifest.xml:25:5-20
MERGED from [com.android.support:support-fragment:25.2.0] AndroidManifest.xml:25:5-20
MERGED from [com.android.support:support-media-compat:25.2.0] AndroidManifest.xml:25:5-20
MERGED from [com.android.support:support-core-ui:25.2.0] AndroidManifest.xml:25:5-20
MERGED from [com.android.support:support-core-utils:25.2.0] AndroidManifest.xml:25:5-20
MERGED from [com.android.support:support-compat:25.2.0] AndroidManifest.xml:25:5-20
	android:label
		ADDED from src\main\AndroidManifest.xml:20:9-41
	android:allowBackup
		ADDED from src\main\AndroidManifest.xml:18:9-35
	android:icon
		ADDED from src\main\AndroidManifest.xml:19:9-45
	android:theme
		ADDED from src\main\AndroidManifest.xml:21:9-40
activity#com.dkn.desmondenergeo.urbanxtv.Home
ADDED from src\main\AndroidManifest.xml:22:10-33:20
	android:screenOrientation
		ADDED from src\main\AndroidManifest.xml:25:13-49
	android:label
		ADDED from src\main\AndroidManifest.xml:26:13-33
	android:icon
		ADDED from src\main\AndroidManifest.xml:24:13-54
	android:name
		ADDED from src\main\AndroidManifest.xml:23:13-33
intent-filter#android.intent.action.MAIN+android.intent.category.DEFAULT
ADDED from src\main\AndroidManifest.xml:27:13-31:29
action#android.intent.action.MAIN
ADDED from src\main\AndroidManifest.xml:28:17-69
	android:name
		ADDED from src\main\AndroidManifest.xml:28:25-66
category#android.intent.category.DEFAULT
ADDED from src\main\AndroidManifest.xml:30:17-76
	android:name
		ADDED from src\main\AndroidManifest.xml:30:27-73
activity#com.dkn.desmondenergeo.urbanxtv.Splash
ADDED from src\main\AndroidManifest.xml:35:10-44:20
	android:screenOrientation
		ADDED from src\main\AndroidManifest.xml:37:13-49
	android:theme
		ADDED from src\main\AndroidManifest.xml:38:13-72
	android:name
		ADDED from src\main\AndroidManifest.xml:36:13-35
intent-filter#android.intent.action.MAIN+android.intent.category.LAUNCHER
ADDED from src\main\AndroidManifest.xml:39:13-43:29
category#android.intent.category.LAUNCHER
ADDED from src\main\AndroidManifest.xml:42:17-77
	android:name
		ADDED from src\main\AndroidManifest.xml:42:27-74
activity#com.dkn.desmondenergeo.urbanxtv.Donate
ADDED from src\main\AndroidManifest.xml:45:9-55:20
	android:screenOrientation
		ADDED from src\main\AndroidManifest.xml:48:13-49
	android:label
		ADDED from src\main\AndroidManifest.xml:49:13-35
	android:parentActivityName
		ADDED from src\main\AndroidManifest.xml:50:13-86
	android:icon
		ADDED from src\main\AndroidManifest.xml:46:13-54
	android:name
		ADDED from src\main\AndroidManifest.xml:47:13-66
meta-data#android.support.PARENT_ACTIVITY
ADDED from src\main\AndroidManifest.xml:51:14-53:79
	android:value
		ADDED from src\main\AndroidManifest.xml:53:17-77
	android:name
		ADDED from src\main\AndroidManifest.xml:52:17-63
activity#com.dkn.desmondenergeo.urbanxtv.OpenSource
ADDED from src\main\AndroidManifest.xml:56:9-62:20
	android:screenOrientation
		ADDED from src\main\AndroidManifest.xml:60:13-49
	android:icon
		ADDED from src\main\AndroidManifest.xml:57:13-54
	android:theme
		ADDED from src\main\AndroidManifest.xml:59:13-79
	android:name
		ADDED from src\main\AndroidManifest.xml:58:13-70
activity#com.dkn.desmondenergeo.urbanxtv.Events
ADDED from src\main\AndroidManifest.xml:63:9-73:20
	android:screenOrientation
		ADDED from src\main\AndroidManifest.xml:66:13-49
	android:label
		ADDED from src\main\AndroidManifest.xml:67:13-35
	android:parentActivityName
		ADDED from src\main\AndroidManifest.xml:68:13-78
	android:icon
		ADDED from src\main\AndroidManifest.xml:64:13-54
	android:name
		ADDED from src\main\AndroidManifest.xml:65:13-66
activity#com.dkn.desmondenergeo.urbanxtv.Live
ADDED from src\main\AndroidManifest.xml:74:9-83:20
	android:label
		ADDED from src\main\AndroidManifest.xml:77:13-33
	android:parentActivityName
		ADDED from src\main\AndroidManifest.xml:78:13-78
	android:icon
		ADDED from src\main\AndroidManifest.xml:75:13-54
	android:name
		ADDED from src\main\AndroidManifest.xml:76:13-64
activity#com.dkn.desmondenergeo.urbanxtv.Video
ADDED from src\main\AndroidManifest.xml:84:9-94:20
	android:label
		ADDED from src\main\AndroidManifest.xml:87:13-35
	android:parentActivityName
		ADDED from src\main\AndroidManifest.xml:88:13-78
	android:icon
		ADDED from src\main\AndroidManifest.xml:85:13-54
	android:name
		ADDED from src\main\AndroidManifest.xml:86:13-65
activity#com.dkn.desmondenergeo.urbanxtv.Developer
ADDED from src\main\AndroidManifest.xml:97:9-108:20
	android:screenOrientation
		ADDED from src\main\AndroidManifest.xml:102:13-49
	android:label
		ADDED from src\main\AndroidManifest.xml:99:13-32
	android:parentActivityName
		ADDED from src\main\AndroidManifest.xml:100:13-86
	android:icon
		ADDED from src\main\AndroidManifest.xml:98:13-54
	android:name
		ADDED from src\main\AndroidManifest.xml:101:13-69
activity#com.dkn.desmondenergeo.urbanxtv.ContactUs
ADDED from src\main\AndroidManifest.xml:109:9-113:24
	android:screenOrientation
		ADDED from src\main\AndroidManifest.xml:111:13-49
	android:theme
		ADDED from src\main\AndroidManifest.xml:112:13-79
	android:name
		ADDED from src\main\AndroidManifest.xml:110:13-69
activity#com.dkn.desmondenergeo.urbanxtv.Radio
ADDED from src\main\AndroidManifest.xml:115:13-126:20
	android:screenOrientation
		ADDED from src\main\AndroidManifest.xml:118:13-49
	android:label
		ADDED from src\main\AndroidManifest.xml:119:13-41
	android:parentActivityName
		ADDED from src\main\AndroidManifest.xml:120:13-78
	android:icon
		ADDED from src\main\AndroidManifest.xml:116:13-54
	android:name
		ADDED from src\main\AndroidManifest.xml:117:13-65
activity#com.dkn.desmondenergeo.urbanxtv.Terms
ADDED from src\main\AndroidManifest.xml:128:13-134:20
	android:screenOrientation
		ADDED from src\main\AndroidManifest.xml:132:13-49
	android:icon
		ADDED from src\main\AndroidManifest.xml:129:13-54
	android:theme
		ADDED from src\main\AndroidManifest.xml:131:13-79
	android:name
		ADDED from src\main\AndroidManifest.xml:130:13-65
activity#com.dkn.desmondenergeo.urbanxtv.Apparel
ADDED from src\main\AndroidManifest.xml:136:13-147:20
	android:screenOrientation
		ADDED from src\main\AndroidManifest.xml:139:13-49
	android:label
		ADDED from src\main\AndroidManifest.xml:140:13-37
	android:parentActivityName
		ADDED from src\main\AndroidManifest.xml:141:13-78
	android:icon
		ADDED from src\main\AndroidManifest.xml:137:13-54
	android:name
		ADDED from src\main\AndroidManifest.xml:138:13-67
activity#com.dkn.desmondenergeo.urbanxtv.Music
ADDED from src\main\AndroidManifest.xml:148:9-159:20
	android:screenOrientation
		ADDED from src\main\AndroidManifest.xml:151:13-49
	android:label
		ADDED from src\main\AndroidManifest.xml:152:13-34
	android:parentActivityName
		ADDED from src\main\AndroidManifest.xml:153:13-78
	android:icon
		ADDED from src\main\AndroidManifest.xml:149:13-54
	android:name
		ADDED from src\main\AndroidManifest.xml:150:13-65
activity#com.dkn.desmondenergeo.urbanxtv.Request
ADDED from src\main\AndroidManifest.xml:160:9-171:20
	android:screenOrientation
		ADDED from src\main\AndroidManifest.xml:163:13-49
	android:label
		ADDED from src\main\AndroidManifest.xml:164:13-37
	android:parentActivityName
		ADDED from src\main\AndroidManifest.xml:165:13-78
	android:icon
		ADDED from src\main\AndroidManifest.xml:161:13-54
	android:name
		ADDED from src\main\AndroidManifest.xml:162:13-67
activity#com.dkn.desmondenergeo.urbanxtv.About
ADDED from src\main\AndroidManifest.xml:172:9-178:20
	android:screenOrientation
		ADDED from src\main\AndroidManifest.xml:176:13-49
	android:icon
		ADDED from src\main\AndroidManifest.xml:173:13-54
	android:theme
		ADDED from src\main\AndroidManifest.xml:175:13-79
	android:name
		ADDED from src\main\AndroidManifest.xml:174:13-65
activity#com.dkn.desmondenergeo.urbanxtv.MenuActivity
ADDED from src\main\AndroidManifest.xml:179:10-186:20
	android:screenOrientation
		ADDED from src\main\AndroidManifest.xml:183:13-49
	android:icon
		ADDED from src\main\AndroidManifest.xml:180:13-54
	android:theme
		ADDED from src\main\AndroidManifest.xml:182:13-79
	android:name
		ADDED from src\main\AndroidManifest.xml:181:13-72